2023-11-15T11:23:30.1288553+01:00 [INF] () Creation of payment split for application with reference:214111523110630(Dammie Newworks Marshal) by drayprogrammer45@yahoo.com
2023-11-15T11:23:30.4005183+01:00 [ERR] () An error An error occurred while saving the entity changes. See the inner exception for details. occured while trying to generate extra payment RRR for this application by drayprogrammer45@yahoo.com
2023-11-15T11:27:23.4320226+01:00 [INF] () Creation of payment split for application with reference:214111523110630(Dammie Newworks Marshal) by drayprogrammer45@yahoo.com
2023-11-15T11:27:23.5826464+01:00 [ERR] () An error An error occurred while saving the entity changes. See the inner exception for details. occured while trying to generate extra payment RRR for this application by drayprogrammer45@yahoo.com
2023-11-15T11:27:37.6470502+01:00 [INF] () Creation of payment split for application with reference:214111523110630(Dammie Newworks Marshal) by drayprogrammer45@yahoo.com
2023-11-15T11:28:08.5449178+01:00 [INF] () Payment table updated with RRR: 130797084719 by drayprogrammer45@yahoo.com
2023-11-15T11:40:51.4857801+01:00 [ERR] () An error was generated for warning 'Microsoft.EntityFrameworkCore.Query.InvalidIncludePathError': Unable to find navigation 'Application' specified in string based include path 'Application'. This exception can be suppressed or logged by passing event ID 'CoreEventId.InvalidIncludePathError' to the 'ConfigureWarnings' method in 'DbContext.OnConfiguring' or 'AddDbContext'. 
  
    at Microsoft.EntityFrameworkCore.Diagnostics.EventDefinition`2.Log[TLoggerCategory](IDiagnosticsLogger`1 logger, TParam1 arg1, TParam2 arg2)
   at Microsoft.EntityFrameworkCore.Diagnostics.CoreLoggerExtensions.InvalidIncludePathError(IDiagnosticsLogger`1 diagnostics, String navigationChain, String navigationName)
   at Microsoft.EntityFrameworkCore.Query.Internal.NavigationExpandingExpressionVisitor.ProcessInclude(NavigationExpansionExpression source, Expression expression, Boolean thenInclude, Boolean setLoaded)
   at Microsoft.EntityFrameworkCore.Query.Internal.NavigationExpandingExpressionVisitor.VisitMethodCall(MethodCallExpression methodCallExpression)
   at Microsoft.EntityFrameworkCore.Query.Internal.NavigationExpandingExpressionVisitor.VisitMethodCall(MethodCallExpression methodCallExpression)
   at Microsoft.EntityFrameworkCore.Query.Internal.NavigationExpandingExpressionVisitor.Expand(Expression query)
   at Microsoft.EntityFrameworkCore.Query.QueryTranslationPreprocessor.Process(Expression query)
   at Microsoft.EntityFrameworkCore.Query.QueryCompilationContext.CreateQueryExecutor[TResult](Expression query)
   at Microsoft.EntityFrameworkCore.Storage.Database.CompileQuery[TResult](Expression query, Boolean async)
   at Microsoft.EntityFrameworkCore.Query.Internal.QueryCompiler.CompileQueryCore[TResult](IDatabase database, Expression query, IModel model, Boolean async)
   at Microsoft.EntityFrameworkCore.Query.Internal.QueryCompiler.<>c__DisplayClass12_0`1.<ExecuteAsync>b__0()
   at Microsoft.EntityFrameworkCore.Query.Internal.CompiledQueryCache.GetOrAddQuery[TResult](Object cacheKey, Func`1 compiler)
   at Microsoft.EntityFrameworkCore.Query.Internal.QueryCompiler.ExecuteAsync[TResult](Expression query, CancellationToken cancellationToken)
   at Microsoft.EntityFrameworkCore.Query.Internal.EntityQueryProvider.ExecuteAsync[TResult](Expression expression, CancellationToken cancellationToken)
   at Microsoft.EntityFrameworkCore.EntityFrameworkQueryableExtensions.ExecuteAsync[TSource,TResult](MethodInfo operatorMethodInfo, IQueryable`1 source, Expression expression, CancellationToken cancellationToken)
   at Microsoft.EntityFrameworkCore.EntityFrameworkQueryableExtensions.ExecuteAsync[TSource,TResult](MethodInfo operatorMethodInfo, IQueryable`1 source, CancellationToken cancellationToken)
   at Microsoft.EntityFrameworkCore.EntityFrameworkQueryableExtensions.FirstOrDefaultAsync[TSource](IQueryable`1 source, CancellationToken cancellationToken)
   at Bunkering.Access.DAL.Repository`1.FirstOrDefaultAsync(Expression`1 expression, String includeProperties)
   at Bunkering.Access.Services.PaymentService.ConfirmPayment(Int32 id, String orderId) in C:\Users\anyan\Documents\Visual Studio 2022\Projects\BUNKERING\BunkeringBEnd\Bunkering.Access\Services\PaymentService.cs:line 150
2023-11-15T11:42:03.6044899+01:00 [ERR] () An error was generated for warning 'Microsoft.EntityFrameworkCore.Query.InvalidIncludePathError': Unable to find navigation 'Application' specified in string based include path 'Application'. This exception can be suppressed or logged by passing event ID 'CoreEventId.InvalidIncludePathError' to the 'ConfigureWarnings' method in 'DbContext.OnConfiguring' or 'AddDbContext'. 
  
    at Microsoft.EntityFrameworkCore.Diagnostics.EventDefinition`2.Log[TLoggerCategory](IDiagnosticsLogger`1 logger, TParam1 arg1, TParam2 arg2)
   at Microsoft.EntityFrameworkCore.Diagnostics.CoreLoggerExtensions.InvalidIncludePathError(IDiagnosticsLogger`1 diagnostics, String navigationChain, String navigationName)
   at Microsoft.EntityFrameworkCore.Query.Internal.NavigationExpandingExpressionVisitor.ProcessInclude(NavigationExpansionExpression source, Expression expression, Boolean thenInclude, Boolean setLoaded)
   at Microsoft.EntityFrameworkCore.Query.Internal.NavigationExpandingExpressionVisitor.VisitMethodCall(MethodCallExpression methodCallExpression)
   at Microsoft.EntityFrameworkCore.Query.Internal.NavigationExpandingExpressionVisitor.VisitMethodCall(MethodCallExpression methodCallExpression)
   at Microsoft.EntityFrameworkCore.Query.Internal.NavigationExpandingExpressionVisitor.Expand(Expression query)
   at Microsoft.EntityFrameworkCore.Query.QueryTranslationPreprocessor.Process(Expression query)
   at Microsoft.EntityFrameworkCore.Query.QueryCompilationContext.CreateQueryExecutor[TResult](Expression query)
   at Microsoft.EntityFrameworkCore.Storage.Database.CompileQuery[TResult](Expression query, Boolean async)
   at Microsoft.EntityFrameworkCore.Query.Internal.QueryCompiler.CompileQueryCore[TResult](IDatabase database, Expression query, IModel model, Boolean async)
   at Microsoft.EntityFrameworkCore.Query.Internal.QueryCompiler.<>c__DisplayClass12_0`1.<ExecuteAsync>b__0()
   at Microsoft.EntityFrameworkCore.Query.Internal.CompiledQueryCache.GetOrAddQuery[TResult](Object cacheKey, Func`1 compiler)
   at Microsoft.EntityFrameworkCore.Query.Internal.QueryCompiler.ExecuteAsync[TResult](Expression query, CancellationToken cancellationToken)
   at Microsoft.EntityFrameworkCore.Query.Internal.EntityQueryProvider.ExecuteAsync[TResult](Expression expression, CancellationToken cancellationToken)
   at Microsoft.EntityFrameworkCore.EntityFrameworkQueryableExtensions.ExecuteAsync[TSource,TResult](MethodInfo operatorMethodInfo, IQueryable`1 source, Expression expression, CancellationToken cancellationToken)
   at Microsoft.EntityFrameworkCore.EntityFrameworkQueryableExtensions.ExecuteAsync[TSource,TResult](MethodInfo operatorMethodInfo, IQueryable`1 source, CancellationToken cancellationToken)
   at Microsoft.EntityFrameworkCore.EntityFrameworkQueryableExtensions.FirstOrDefaultAsync[TSource](IQueryable`1 source, CancellationToken cancellationToken)
   at Bunkering.Access.DAL.Repository`1.FirstOrDefaultAsync(Expression`1 expression, String includeProperties)
   at Bunkering.Access.Services.PaymentService.ConfirmPayment(Int32 id, String orderId) in C:\Users\anyan\Documents\Visual Studio 2022\Projects\BUNKERING\BunkeringBEnd\Bunkering.Access\Services\PaymentService.cs:line 150
2023-11-15T11:47:20.8287138+01:00 [ERR] () An error was generated for warning 'Microsoft.EntityFrameworkCore.Query.InvalidIncludePathError': Unable to find navigation 'Application' specified in string based include path 'Application'. This exception can be suppressed or logged by passing event ID 'CoreEventId.InvalidIncludePathError' to the 'ConfigureWarnings' method in 'DbContext.OnConfiguring' or 'AddDbContext'. 
  
    at Microsoft.EntityFrameworkCore.Diagnostics.EventDefinition`2.Log[TLoggerCategory](IDiagnosticsLogger`1 logger, TParam1 arg1, TParam2 arg2)
   at Microsoft.EntityFrameworkCore.Diagnostics.CoreLoggerExtensions.InvalidIncludePathError(IDiagnosticsLogger`1 diagnostics, String navigationChain, String navigationName)
   at Microsoft.EntityFrameworkCore.Query.Internal.NavigationExpandingExpressionVisitor.ProcessInclude(NavigationExpansionExpression source, Expression expression, Boolean thenInclude, Boolean setLoaded)
   at Microsoft.EntityFrameworkCore.Query.Internal.NavigationExpandingExpressionVisitor.VisitMethodCall(MethodCallExpression methodCallExpression)
   at Microsoft.EntityFrameworkCore.Query.Internal.NavigationExpandingExpressionVisitor.VisitMethodCall(MethodCallExpression methodCallExpression)
   at Microsoft.EntityFrameworkCore.Query.Internal.NavigationExpandingExpressionVisitor.Expand(Expression query)
   at Microsoft.EntityFrameworkCore.Query.QueryTranslationPreprocessor.Process(Expression query)
   at Microsoft.EntityFrameworkCore.Query.QueryCompilationContext.CreateQueryExecutor[TResult](Expression query)
   at Microsoft.EntityFrameworkCore.Storage.Database.CompileQuery[TResult](Expression query, Boolean async)
   at Microsoft.EntityFrameworkCore.Query.Internal.QueryCompiler.CompileQueryCore[TResult](IDatabase database, Expression query, IModel model, Boolean async)
   at Microsoft.EntityFrameworkCore.Query.Internal.QueryCompiler.<>c__DisplayClass12_0`1.<ExecuteAsync>b__0()
   at Microsoft.EntityFrameworkCore.Query.Internal.CompiledQueryCache.GetOrAddQuery[TResult](Object cacheKey, Func`1 compiler)
   at Microsoft.EntityFrameworkCore.Query.Internal.QueryCompiler.ExecuteAsync[TResult](Expression query, CancellationToken cancellationToken)
   at Microsoft.EntityFrameworkCore.Query.Internal.EntityQueryProvider.ExecuteAsync[TResult](Expression expression, CancellationToken cancellationToken)
   at Microsoft.EntityFrameworkCore.EntityFrameworkQueryableExtensions.ExecuteAsync[TSource,TResult](MethodInfo operatorMethodInfo, IQueryable`1 source, Expression expression, CancellationToken cancellationToken)
   at Microsoft.EntityFrameworkCore.EntityFrameworkQueryableExtensions.ExecuteAsync[TSource,TResult](MethodInfo operatorMethodInfo, IQueryable`1 source, CancellationToken cancellationToken)
   at Microsoft.EntityFrameworkCore.EntityFrameworkQueryableExtensions.FirstOrDefaultAsync[TSource](IQueryable`1 source, CancellationToken cancellationToken)
   at Bunkering.Access.DAL.Repository`1.FirstOrDefaultAsync(Expression`1 expression, String includeProperties)
   at Bunkering.Access.Services.PaymentService.ConfirmPayment(Int32 id, String orderId)
2023-11-15T11:49:27.2089944+01:00 [INF] () "Getting payment for company application -:214111523110630 bydrayprogrammer45@yahoo.com  - 11/15/2023 11:49:27 AM
2023-11-15T13:18:08.6795190+01:00 [INF] () Creation of payment split for application with reference:214111523131438(Dammie Newworks Marshal) by drayprogrammer45@yahoo.com
2023-11-15T13:18:14.9682404+01:00 [INF] () Payment table updated with RRR: 190797084958 by drayprogrammer45@yahoo.com
2023-11-15T13:29:39.4532894+01:00 [INF] () "Getting payment for company application -:214111523131438 bydrayprogrammer45@yahoo.com  - 11/15/2023 1:29:39 PM
2023-11-15T13:29:39.4467135+01:00 [INF] () "Getting payment for company application -:214111523131438 by  - 11/15/2023 1:29:39 PM
2023-11-15T13:29:39.4584681+01:00 [INF] () "Getting payment for company application -:214111523131438 by  - 11/15/2023 1:29:39 PM
2023-11-15T13:29:39.4642098+01:00 [INF] () "Getting payment for company application -:214111523131438 bydrayprogrammer45@yahoo.com  - 11/15/2023 1:29:39 PM
