2023-08-10T10:21:01.5634172+01:00 [ERR] () Error mapping types.

Mapping types:
List`1 -> List`1
System.Collections.Generic.List`1[[Bunkering.Core.ViewModels.FacilitySourceDto, Bunkering.Core, Version=1.0.0.0, Culture=neutral, PublicKeyToken=null]] -> System.Collections.Generic.List`1[[Bunkering.Core.Data.FacilitySource, Bunkering.Core, Version=1.0.0.0, Culture=neutral, PublicKeyToken=null]]
AutoMapper.AutoMapperMappingException: Missing type map configuration or unsupported mapping.

Mapping types:
FacilitySourceDto -> FacilitySource
Bunkering.Core.ViewModels.FacilitySourceDto -> Bunkering.Core.Data.FacilitySource
   at lambda_method469(Closure, FacilitySourceDto, FacilitySource, ResolutionContext)
   at lambda_method468(Closure, Object, List`1, ResolutionContext)
   at lambda_method468(Closure, Object, List`1, ResolutionContext)
   at Bunkering.Access.Services.AppService.CreateFacility(ApplictionViewModel model, ApplicationUser user) in C:\Users\suppo\Documents\Visual Studio 2022\Projects\Bunkering\Bunkering.Access\Services\AppService.cs:line 62
2023-08-10T10:21:33.3184666+01:00 [ERR] () Error mapping types.

Mapping types:
List`1 -> List`1
System.Collections.Generic.List`1[[Bunkering.Core.ViewModels.FacilitySourceDto, Bunkering.Core, Version=1.0.0.0, Culture=neutral, PublicKeyToken=null]] -> System.Collections.Generic.List`1[[Bunkering.Core.Data.FacilitySource, Bunkering.Core, Version=1.0.0.0, Culture=neutral, PublicKeyToken=null]]
AutoMapper.AutoMapperMappingException: Missing type map configuration or unsupported mapping.

Mapping types:
FacilitySourceDto -> FacilitySource
Bunkering.Core.ViewModels.FacilitySourceDto -> Bunkering.Core.Data.FacilitySource
   at lambda_method469(Closure, FacilitySourceDto, FacilitySource, ResolutionContext)
   at lambda_method468(Closure, Object, List`1, ResolutionContext)
   at lambda_method468(Closure, Object, List`1, ResolutionContext)
   at Bunkering.Access.Services.AppService.CreateFacility(ApplictionViewModel model, ApplicationUser user) in C:\Users\suppo\Documents\Visual Studio 2022\Projects\Bunkering\Bunkering.Access\Services\AppService.cs:line 62
2023-08-10T10:24:56.9624593+01:00 [ERR] () An error occurred while saving the entity changes. See the inner exception for details.
Microsoft.Data.SqlClient.SqlException (0x80131904): Cannot insert the value NULL into column 'Operator', table 'bunkering.dbo.Facilities'; column does not allow nulls. INSERT fails.
   at Microsoft.Data.SqlClient.SqlConnection.OnError(SqlException exception, Boolean breakConnection, Action`1 wrapCloseInAction)
   at Microsoft.Data.SqlClient.SqlInternalConnection.OnError(SqlException exception, Boolean breakConnection, Action`1 wrapCloseInAction)
   at Microsoft.Data.SqlClient.TdsParser.ThrowExceptionAndWarning(TdsParserStateObject stateObj, Boolean callerHasConnectionLock, Boolean asyncClose)
   at Microsoft.Data.SqlClient.TdsParser.TryRun(RunBehavior runBehavior, SqlCommand cmdHandler, SqlDataReader dataStream, BulkCopySimpleResultSet bulkCopyHandler, TdsParserStateObject stateObj, Boolean& dataReady)
   at Microsoft.Data.SqlClient.SqlDataReader.TryHasMoreRows(Boolean& moreRows)
   at Microsoft.Data.SqlClient.SqlDataReader.TryReadInternal(Boolean setTimeout, Boolean& more)
   at Microsoft.Data.SqlClient.SqlDataReader.ReadAsyncExecute(Task task, Object state)
   at Microsoft.Data.SqlClient.SqlDataReader.InvokeAsyncCall[T](SqlDataReaderAsyncCallContext`1 context)
--- End of stack trace from previous location ---
   at Microsoft.EntityFrameworkCore.Update.AffectedCountModificationCommandBatch.ConsumeResultSetAsync(Int32 startCommandIndex, RelationalDataReader reader, CancellationToken cancellationToken)
   at Microsoft.EntityFrameworkCore.Update.AffectedCountModificationCommandBatch.ConsumeAsync(RelationalDataReader reader, CancellationToken cancellationToken)
ClientConnectionId:fd1964dc-e43f-42e5-9c52-025bcab2e2bc
Error Number:515,State:2,Class:16
   at Microsoft.EntityFrameworkCore.Update.AffectedCountModificationCommandBatch.ConsumeAsync(RelationalDataReader reader, CancellationToken cancellationToken)
   at Microsoft.EntityFrameworkCore.Update.ReaderModificationCommandBatch.ExecuteAsync(IRelationalConnection connection, CancellationToken cancellationToken)
   at Microsoft.EntityFrameworkCore.Update.ReaderModificationCommandBatch.ExecuteAsync(IRelationalConnection connection, CancellationToken cancellationToken)
   at Microsoft.EntityFrameworkCore.SqlServer.Update.Internal.SqlServerModificationCommandBatch.ExecuteAsync(IRelationalConnection connection, CancellationToken cancellationToken)
   at Microsoft.EntityFrameworkCore.Update.Internal.BatchExecutor.ExecuteAsync(IEnumerable`1 commandBatches, IRelationalConnection connection, CancellationToken cancellationToken)
   at Microsoft.EntityFrameworkCore.Update.Internal.BatchExecutor.ExecuteAsync(IEnumerable`1 commandBatches, IRelationalConnection connection, CancellationToken cancellationToken)
   at Microsoft.EntityFrameworkCore.Update.Internal.BatchExecutor.ExecuteAsync(IEnumerable`1 commandBatches, IRelationalConnection connection, CancellationToken cancellationToken)
   at Microsoft.EntityFrameworkCore.ChangeTracking.Internal.StateManager.SaveChangesAsync(IList`1 entriesToSave, CancellationToken cancellationToken)
   at Microsoft.EntityFrameworkCore.ChangeTracking.Internal.StateManager.SaveChangesAsync(StateManager stateManager, Boolean acceptAllChangesOnSuccess, CancellationToken cancellationToken)
   at Microsoft.EntityFrameworkCore.SqlServer.Storage.Internal.SqlServerExecutionStrategy.ExecuteAsync[TState,TResult](TState state, Func`4 operation, Func`4 verifySucceeded, CancellationToken cancellationToken)
   at Microsoft.EntityFrameworkCore.DbContext.SaveChangesAsync(Boolean acceptAllChangesOnSuccess, CancellationToken cancellationToken)
   at Microsoft.EntityFrameworkCore.DbContext.SaveChangesAsync(Boolean acceptAllChangesOnSuccess, CancellationToken cancellationToken)
   at Bunkering.Core.Data.ApplicationContext.SaveChangesAsync(String userId) in C:\Users\suppo\Documents\Visual Studio 2022\Projects\Bunkering\Bunkering.Core\Data\ApplicationContext.cs:line 66
   at Bunkering.Access.DAL.UnitOfWork.SaveChangesAsync(String userId) in C:\Users\suppo\Documents\Visual Studio 2022\Projects\Bunkering\Bunkering.Access\DAL\UnitOfWork.cs:line 59
   at Bunkering.Access.Services.AppService.CreateFacility(ApplictionViewModel model, ApplicationUser user) in C:\Users\suppo\Documents\Visual Studio 2022\Projects\Bunkering\Bunkering.Access\Services\AppService.cs:line 92
2023-08-10T10:26:24.8077952+01:00 [ERR] () An error occurred while saving the entity changes. See the inner exception for details.
Microsoft.Data.SqlClient.SqlException (0x80131904): Cannot insert the value NULL into column 'Operator', table 'bunkering.dbo.Facilities'; column does not allow nulls. UPDATE fails.
   at Microsoft.Data.SqlClient.SqlConnection.OnError(SqlException exception, Boolean breakConnection, Action`1 wrapCloseInAction)
   at Microsoft.Data.SqlClient.SqlInternalConnection.OnError(SqlException exception, Boolean breakConnection, Action`1 wrapCloseInAction)
   at Microsoft.Data.SqlClient.TdsParser.ThrowExceptionAndWarning(TdsParserStateObject stateObj, Boolean callerHasConnectionLock, Boolean asyncClose)
   at Microsoft.Data.SqlClient.TdsParser.TryRun(RunBehavior runBehavior, SqlCommand cmdHandler, SqlDataReader dataStream, BulkCopySimpleResultSet bulkCopyHandler, TdsParserStateObject stateObj, Boolean& dataReady)
   at Microsoft.Data.SqlClient.SqlDataReader.TryHasMoreRows(Boolean& moreRows)
   at Microsoft.Data.SqlClient.SqlDataReader.TryReadInternal(Boolean setTimeout, Boolean& more)
   at Microsoft.Data.SqlClient.SqlDataReader.ReadAsyncExecute(Task task, Object state)
   at Microsoft.Data.SqlClient.SqlDataReader.InvokeAsyncCall[T](SqlDataReaderAsyncCallContext`1 context)
--- End of stack trace from previous location ---
   at Microsoft.EntityFrameworkCore.Update.AffectedCountModificationCommandBatch.ConsumeResultSetAsync(Int32 startCommandIndex, RelationalDataReader reader, CancellationToken cancellationToken)
   at Microsoft.EntityFrameworkCore.Update.AffectedCountModificationCommandBatch.ConsumeAsync(RelationalDataReader reader, CancellationToken cancellationToken)
ClientConnectionId:fd1964dc-e43f-42e5-9c52-025bcab2e2bc
Error Number:515,State:2,Class:16
   at Microsoft.EntityFrameworkCore.Update.AffectedCountModificationCommandBatch.ConsumeAsync(RelationalDataReader reader, CancellationToken cancellationToken)
   at Microsoft.EntityFrameworkCore.Update.ReaderModificationCommandBatch.ExecuteAsync(IRelationalConnection connection, CancellationToken cancellationToken)
   at Microsoft.EntityFrameworkCore.Update.ReaderModificationCommandBatch.ExecuteAsync(IRelationalConnection connection, CancellationToken cancellationToken)
   at Microsoft.EntityFrameworkCore.SqlServer.Update.Internal.SqlServerModificationCommandBatch.ExecuteAsync(IRelationalConnection connection, CancellationToken cancellationToken)
   at Microsoft.EntityFrameworkCore.Update.Internal.BatchExecutor.ExecuteAsync(IEnumerable`1 commandBatches, IRelationalConnection connection, CancellationToken cancellationToken)
   at Microsoft.EntityFrameworkCore.Update.Internal.BatchExecutor.ExecuteAsync(IEnumerable`1 commandBatches, IRelationalConnection connection, CancellationToken cancellationToken)
   at Microsoft.EntityFrameworkCore.Update.Internal.BatchExecutor.ExecuteAsync(IEnumerable`1 commandBatches, IRelationalConnection connection, CancellationToken cancellationToken)
   at Microsoft.EntityFrameworkCore.ChangeTracking.Internal.StateManager.SaveChangesAsync(IList`1 entriesToSave, CancellationToken cancellationToken)
   at Microsoft.EntityFrameworkCore.ChangeTracking.Internal.StateManager.SaveChangesAsync(StateManager stateManager, Boolean acceptAllChangesOnSuccess, CancellationToken cancellationToken)
   at Microsoft.EntityFrameworkCore.SqlServer.Storage.Internal.SqlServerExecutionStrategy.ExecuteAsync[TState,TResult](TState state, Func`4 operation, Func`4 verifySucceeded, CancellationToken cancellationToken)
   at Microsoft.EntityFrameworkCore.DbContext.SaveChangesAsync(Boolean acceptAllChangesOnSuccess, CancellationToken cancellationToken)
   at Microsoft.EntityFrameworkCore.DbContext.SaveChangesAsync(Boolean acceptAllChangesOnSuccess, CancellationToken cancellationToken)
   at Bunkering.Core.Data.ApplicationContext.SaveChangesAsync(String userId) in C:\Users\suppo\Documents\Visual Studio 2022\Projects\Bunkering\Bunkering.Core\Data\ApplicationContext.cs:line 66
   at Bunkering.Access.DAL.UnitOfWork.SaveChangesAsync(String userId)
   at Bunkering.Access.Services.AppService.CreateFacility(ApplictionViewModel model, ApplicationUser user)
